c:\users\guita\source\repos\teaminnovationadventuregame\x64\debug\vc142.pdb
c:\users\guita\source\repos\teaminnovationadventuregame\x64\debug\vc142.idb
c:\users\guita\source\repos\teaminnovationadventuregame\x64\debug\teaminnovationadventuregame.obj
c:\users\guita\source\repos\teaminnovationadventuregame\x64\debug\locations.obj
c:\users\guita\source\repos\teaminnovationadventuregame\x64\debug\ui.obj
c:\users\guita\source\repos\teaminnovationadventuregame\x64\debug\playerclass.obj
c:\users\guita\source\repos\teaminnovationadventuregame\x64\debug\inventory.obj
c:\users\guita\source\repos\teaminnovationadventuregame\x64\debug\gameclass.obj
c:\users\guita\source\repos\teaminnovationadventuregame1\x64\debug\vc142.pdb
c:\users\guita\source\repos\teaminnovationadventuregame1\x64\debug\vc142.idb
c:\users\guita\source\repos\teaminnovationadventuregame1\x64\debug\ui.obj
c:\users\guita\source\repos\teaminnovationadventuregame1\x64\debug\teaminnovationadventuregame.obj
c:\users\guita\source\repos\teaminnovationadventuregame1\x64\debug\playerclass.obj
c:\users\guita\source\repos\teaminnovationadventuregame1\x64\debug\locations.obj
c:\users\guita\source\repos\teaminnovationadventuregame1\x64\debug\inventory.obj
c:\users\guita\source\repos\teaminnovationadventuregame1\x64\debug\inputvalidation.obj
c:\users\guita\source\repos\teaminnovationadventuregame1\x64\debug\gameclass.obj
c:\users\guita\source\repos\teaminnovationadventuregame\x64\debug\teaminnovationadventuregame.exe
c:\users\guita\source\repos\teaminnovationadventuregame\x64\debug\teaminnovationadventuregame.ilk
c:\users\guita\source\repos\teaminnovationadventuregame\x64\debug\teaminnovationadventuregame.pdb
c:\users\guita\source\repos\teaminnovationadventuregame1\x64\debug\teaminnovationadventuregame.ilk
c:\users\guita\source\repos\teaminnovationadventuregame1\x64\debug\teaminnovationadventuregame.exe
c:\users\guita\source\repos\teaminnovationadventuregame1\x64\debug\teaminnovationadventuregame.pdb
c:\users\guita\source\repos\teaminnovationadventuregame1\x64\debug\teaminnovationunittests.exp
c:\users\guita\source\repos\teaminnovationadventuregame1\x64\debug\teaminnovationunittests.pdb
c:\users\guita\source\repos\teaminnovationadventuregame1\x64\debug\teaminno.eb09dd04.tlog\cl.command.1.tlog
c:\users\guita\source\repos\teaminnovationadventuregame1\x64\debug\teaminno.eb09dd04.tlog\cl.read.1.tlog
c:\users\guita\source\repos\teaminnovationadventuregame1\x64\debug\teaminno.eb09dd04.tlog\cl.write.1.tlog
c:\users\guita\source\repos\teaminnovationadventuregame1\x64\debug\teaminno.eb09dd04.tlog\link.command.1.tlog
c:\users\guita\source\repos\teaminnovationadventuregame1\x64\debug\teaminno.eb09dd04.tlog\link.read.1.tlog
c:\users\guita\source\repos\teaminnovationadventuregame1\x64\debug\teaminno.eb09dd04.tlog\link.write.1.tlog
